<?xml version="1.0" encoding="UTF-8"?>
<!-- Generated by org.testng.reporters.JUnitReportReporter -->
<testsuite skipped="0" hostname="Arpit1-Joshi" name="com.lojack.qa.testcases.LoginTest" tests="1" failures="0" timestamp="22 Feb 2019 08:27:42 GMT" time="39.745" errors="0">
  <testcase name="loginPageLoginTest" time="39.745" classname="com.lojack.qa.testcases.LoginTest"/>
</testsuite> <!-- com.lojack.qa.testcases.LoginTest -->
