<?xml version="1.0" encoding="UTF-8"?>
<!-- Generated by org.testng.reporters.JUnitReportReporter -->
<testsuite skipped="0" hostname="Arpit1-Joshi" name="com.lojack.qa.testcases.ChangePasswordTestCase" tests="1" failures="0" timestamp="04 Apr 2019 19:35:46 GMT" time="29.474" errors="0">
  <testcase name="passwordMatchTest" time="29.474" classname="com.lojack.qa.testcases.ChangePasswordTestCase"/>
</testsuite> <!-- com.lojack.qa.testcases.ChangePasswordTestCase -->
