<?xml version="1.0" encoding="UTF-8"?>
<!-- Generated by org.testng.reporters.JUnitReportReporter -->
<testsuite skipped="1" hostname="Arpit1-Joshi" name="com.lojack.qa.testcases.DataDrivenLoginTestCase" tests="1" failures="0" timestamp="05 Aug 2019 20:56:11 GMT" time="0.000" errors="0">
  <testcase name="validateCredentials" time="0.000" classname="com.lojack.qa.testcases.DataDrivenLoginTestCase">
    <skipped/>
  </testcase> <!-- validateCredentials -->
</testsuite> <!-- com.lojack.qa.testcases.DataDrivenLoginTestCase -->
