<?xml version="1.0" encoding="UTF-8"?>
<!-- Generated by org.testng.reporters.JUnitReportReporter -->
<testsuite skipped="0" hostname="Arpit1-Joshi" name="com.lojack.qa.testcases.ChangePasswordTestCase" tests="1" failures="0" timestamp="05 Aug 2019 20:56:11 GMT" time="29.248" errors="0">
  <testcase name="passwordMatchTest" time="29.248" classname="com.lojack.qa.testcases.ChangePasswordTestCase"/>
</testsuite> <!-- com.lojack.qa.testcases.ChangePasswordTestCase -->
